Line 115: Class MSComctlLib.ListView of control lv was not a loaded control class.
Line 121: The property name _ExtentX in lv is invalid.
Line 122: The property name _ExtentY in lv is invalid.
Line 123: The property name View in lv is invalid.
Line 124: The property name LabelEdit in lv is invalid.
Line 125: The property name LabelWrap in lv is invalid.
Line 126: The property name HideSelection in lv is invalid.
Line 127: The property name FullRowSelect in lv is invalid.
Line 128: The property name GridLines in lv is invalid.
Line 129: The property name _Version in lv is invalid.
Line 134: The property name NumItems in lv is invalid.
Line 138: The property name ColumnHeader(1) in lv is invalid.
Line 143: The property name ColumnHeader(2) in lv is invalid.
Line 148: The property name ColumnHeader(3) in lv is invalid.
Line 153: The property name ColumnHeader(4) in lv is invalid.
Line 158: The property name ColumnHeader(5) in lv is invalid.
Line 163: The property name ColumnHeader(6) in lv is invalid.
Line 168: The property name ColumnHeader(7) in lv is invalid.
Line 173: The property name ColumnHeader(8) in lv is invalid.
Line 178: The property name ColumnHeader(9) in lv is invalid.
Line 183: The property name ColumnHeader(10) in lv is invalid.
Line 188: The property name ColumnHeader(11) in lv is invalid.
Line 193: The property name ColumnHeader(12) in lv is invalid.
Line 198: The property name ColumnHeader(13) in lv is invalid.
Line 203: The property name ColumnHeader(14) in lv is invalid.
