Line 79: Class MSComctlLib.ListView of control lv was not a loaded control class.
Line 85: The property name _ExtentX in lv is invalid.
Line 86: The property name _ExtentY in lv is invalid.
Line 87: The property name View in lv is invalid.
Line 88: The property name LabelEdit in lv is invalid.
Line 89: The property name LabelWrap in lv is invalid.
Line 90: The property name HideSelection in lv is invalid.
Line 91: The property name FullRowSelect in lv is invalid.
Line 92: The property name GridLines in lv is invalid.
Line 93: The property name _Version in lv is invalid.
Line 98: The property name NumItems in lv is invalid.
Line 102: The property name ColumnHeader(1) in lv is invalid.
Line 107: The property name ColumnHeader(2) in lv is invalid.
Line 112: The property name ColumnHeader(3) in lv is invalid.
Line 117: The property name ColumnHeader(4) in lv is invalid.
Line 122: The property name ColumnHeader(5) in lv is invalid.
Line 127: The property name ColumnHeader(6) in lv is invalid.
Line 132: The property name ColumnHeader(7) in lv is invalid.
Line 137: The property name ColumnHeader(8) in lv is invalid.
Line 142: The property name ColumnHeader(9) in lv is invalid.
Line 147: The property name ColumnHeader(10) in lv is invalid.
Line 152: The property name ColumnHeader(11) in lv is invalid.
Line 157: The property name ColumnHeader(12) in lv is invalid.
