Line 203: Class MSComCtl2.DTPicker of control DTP1 was not a loaded control class.
Line 526: Class MSComctlLib.ListView of control lv was not a loaded control class.
Line 209: The property name _ExtentX in DTP1 is invalid.
Line 210: The property name _ExtentY in DTP1 is invalid.
Line 211: The property name _Version in DTP1 is invalid.
Line 212: The property name Format in DTP1 is invalid.
Line 213: The property name CurrentDate in DTP1 is invalid.
Line 532: The property name _ExtentX in lv is invalid.
Line 533: The property name _ExtentY in lv is invalid.
Line 534: The property name View in lv is invalid.
Line 535: The property name LabelEdit in lv is invalid.
Line 536: The property name LabelWrap in lv is invalid.
Line 537: The property name HideSelection in lv is invalid.
Line 538: The property name FullRowSelect in lv is invalid.
Line 539: The property name GridLines in lv is invalid.
Line 540: The property name _Version in lv is invalid.
Line 545: The property name NumItems in lv is invalid.
Line 549: The property name ColumnHeader(1) in lv is invalid.
Line 554: The property name ColumnHeader(2) in lv is invalid.
Line 559: The property name ColumnHeader(3) in lv is invalid.
Line 564: The property name ColumnHeader(4) in lv is invalid.
Line 569: The property name ColumnHeader(5) in lv is invalid.
Line 574: The property name ColumnHeader(6) in lv is invalid.
Line 579: The property name ColumnHeader(7) in lv is invalid.
Line 584: The property name ColumnHeader(8) in lv is invalid.
Line 589: The property name ColumnHeader(9) in lv is invalid.
Line 594: The property name ColumnHeader(10) in lv is invalid.
Line 599: The property name ColumnHeader(11) in lv is invalid.
Line 604: The property name ColumnHeader(12) in lv is invalid.
Line 609: The property name ColumnHeader(13) in lv is invalid.
Line 614: The property name ColumnHeader(14) in lv is invalid.
